<?xml version="1.0" encoding="UTF-8"?>
<!-- Generated by org.testng.reporters.JUnitXMLReporter -->
<testsuite ignored="0" hostname="DESKTOP-56C0EHH" failures="0" tests="2" name="EdgeTest" time="0.01" errors="0" timestamp="2024-03-19T09:13:19 IST">
  <testcase classname="com.actitime.testcases.TC1_ActitimeLoginLogout" name="login" time="0.0">
    <skipped/>
  </testcase> <!-- login -->
  <testcase classname="com.actitime.testcases.TC1_ActitimeLoginLogout" name="logout" time="0.001">
    <skipped/>
  </testcase> <!-- logout -->
</testsuite> <!-- EdgeTest -->
